<?xml version="1.0" encoding="UTF-8"?>
<!-- Generated by org.testng.reporters.JUnitReportReporter -->
<testsuite hostname="DESKTOP-NJAAO8L" failures="0" tests="1" name="test.GoogleSearchTest" time="2.352" errors="0" timestamp="2020-05-16T16:08:02 EET" skipped="0">
  <testcase classname="test.GoogleSearchTest" name="verifyGooglePlay_isTheFirstResult" time="2.352"/>
  <system-out/>
</testsuite> <!-- test.GoogleSearchTest -->
